<?xml version="1.0" encoding="UTF-8"?>
<!-- Generated by org.testng.reporters.JUnitReportReporter -->
<testsuite skipped="0" hostname="LAPTOP-24BK8BNN" name="com.nopcommerce.testCases.TC_LoginTest_001" tests="1" failures="0" timestamp="17 Jan 2019 03:16:10 GMT" time="9.078" errors="0">
  <testcase name="loginTest" time="9.078" classname="com.nopcommerce.testCases.TC_LoginTest_001"/>
</testsuite> <!-- com.nopcommerce.testCases.TC_LoginTest_001 -->
