<?xml version="1.0" encoding="UTF-8"?>
<!-- Generated by org.testng.reporters.JUnitReportReporter -->
<testsuite skipped="0" hostname="LAPTOP-24BK8BNN" name="com.nopcommerce.testCases.TC_LoginTest_001" tests="1" failures="0" timestamp="18 Jan 2019 23:12:57 GMT" time="19.399" errors="0">
  <testcase name="loginTest" time="19.399" classname="com.nopcommerce.testCases.TC_LoginTest_001"/>
</testsuite> <!-- com.nopcommerce.testCases.TC_LoginTest_001 -->
